Fetching subtitle languages for URL: https://www.youtube.com/watch?v=_7JsfHTyqiw
Command executed, err: <nil>
Output length: 449
Output: [youtube] Extracting URL: https://www.youtube.com/watch?v=_7JsfHTyqiw
[youtube] _7JsfHTyqiw: Downloading webpage
[youtube] _7JsfHTyqiw: Downloading tv client config
[youtube] _7JsfHTyqiw: Downloading player 010fbc8d-main
[youtube] _7JsfHTyqiw: Downloading tv player API JSON
[youtube] _7JsfHTyqiw: Downloading ios player API JSON
[youtube] _7JsfHTyqiw: Downloading m3u8 information
_7JsfHTyqiw has no automatic captions
_7JsfHTyqiw has no subtitles

Parsed 1 subtitle languages
Language 0: Code=en, Name=English
Fetching subtitle languages for URL: https://www.youtube.com/watch?v=9KYABy_KgEM
Command executed, err: <nil>
Output length: 11593
Output (first 1000 chars): [youtube] Extracting URL: https://www.youtube.com/watch?v=9KYABy_KgEM
[youtube] 9KYABy_KgEM: Downloading webpage
[youtube] 9KYABy_KgEM: Downloading tv client config
[youtube] 9KYABy_KgEM: Downloading tv player API JSON
[youtube] 9KYABy_KgEM: Downloading ios player API JSON
[youtube] 9KYABy_KgEM: Downloading m3u8 information
[info] Available automatic captions for 9KYABy_KgEM:
Language Name                  Formats
ab       Abkhazian             vtt, srt, ttml, srv3, srv2, srv1, json3
aa       Afar                  vtt, srt, ttml, srv3, srv2, srv1, json3
af       Afrikaans             vtt, srt, ttml, srv3, srv2, srv1, json3
ak       Akan                  vtt, srt, ttml, srv3, srv2, srv1, json3
sq       Albanian              vtt, srt, ttml, srv3, srv2, srv1, json3
am       Amharic               vtt, srt, ttml, srv3, srv2, srv1, json3
ar       Arabic                vtt, srt, ttml, srv3, srv2, srv1, json3
hy       Armenian              vtt, srt, ttml, srv3, srv2, srv1, json3
as       Assam
Parsed 158 subtitle languages
Language 0: Code=ab, Name=Ab
Language 1: Code=aa, Name=Aa
Language 2: Code=af, Name=Af
Language 3: Code=ak, Name=Ak
Language 4: Code=sq, Name=Sq
Language 5: Code=am, Name=Am
Language 6: Code=ar, Name=Arabic
Language 7: Code=hy, Name=Hy
Language 8: Code=as, Name=As
Language 9: Code=ay, Name=Ay
Language 10: Code=az, Name=Az
Language 11: Code=bn, Name=Bn
Language 12: Code=ba, Name=Ba
Language 13: Code=eu, Name=Eu
Language 14: Code=be, Name=Be
Language 15: Code=bho, Name=Bho
Language 16: Code=bs, Name=Bs
Language 17: Code=br, Name=Br
Language 18: Code=bg, Name=Bg
Language 19: Code=my, Name=My
Language 20: Code=ca, Name=Ca
Language 21: Code=ceb, Name=Ceb
Language 22: Code=zh-Hans, Name=Chinese (Simplified)
Language 23: Code=zh-Hant, Name=Chinese (Traditional)
Language 24: Code=co, Name=Co
Language 25: Code=hr, Name=Hr
Language 26: Code=cs, Name=Cs
Language 27: Code=da, Name=Da
Language 28: Code=dv, Name=Dv
Language 29: Code=nl, Name=Nl
Language 30: Code=dz, Name=Dz
Language 31: Code=en, Name=English
Language 32: Code=eo, Name=Eo
Language 33: Code=et, Name=Et
Language 34: Code=ee, Name=Ee
Language 35: Code=fo, Name=Fo
Language 36: Code=fj, Name=Fj
Language 37: Code=fil, Name=Fil
Language 38: Code=fi, Name=Fi
Language 39: Code=fr, Name=French
Language 40: Code=gaa, Name=Gaa
Language 41: Code=gl, Name=Gl
Language 42: Code=lg, Name=Lg
Language 43: Code=ka, Name=Ka
Language 44: Code=de-orig, Name=De-orig
Language 45: Code=de, Name=German
Language 46: Code=el, Name=El
Language 47: Code=gn, Name=Gn
Language 48: Code=gu, Name=Gu
Language 49: Code=ht, Name=Ht
Language 50: Code=ha, Name=Ha
Language 51: Code=haw, Name=Haw
Language 52: Code=iw, Name=Iw
Language 53: Code=hi, Name=Hindi
Language 54: Code=hmn, Name=Hmn
Language 55: Code=hu, Name=Hu
Language 56: Code=is, Name=Is
Language 57: Code=ig, Name=Ig
Language 58: Code=id, Name=Id
Language 59: Code=iu, Name=Iu
Language 60: Code=ga, Name=Ga
Language 61: Code=it, Name=Italian
Language 62: Code=ja, Name=Japanese
Language 63: Code=jv, Name=Jv
Language 64: Code=kl, Name=Kl
Language 65: Code=kn, Name=Kn
Language 66: Code=kk, Name=Kk
Language 67: Code=kha, Name=Kha
Language 68: Code=km, Name=Km
Language 69: Code=rw, Name=Rw
Language 70: Code=ko, Name=Korean
Language 71: Code=kri, Name=Kri
Language 72: Code=ku, Name=Ku
Language 73: Code=ky, Name=Ky
Language 74: Code=lo, Name=Lo
Language 75: Code=la, Name=La
Language 76: Code=lv, Name=Lv
Language 77: Code=ln, Name=Ln
Language 78: Code=lt, Name=Lt
Language 79: Code=lua, Name=Lua
Language 80: Code=luo, Name=Luo
Language 81: Code=lb, Name=Lb
Language 82: Code=mk, Name=Mk
Language 83: Code=mg, Name=Mg
Language 84: Code=ms, Name=Ms
Language 85: Code=ml, Name=Ml
Language 86: Code=mt, Name=Mt
Language 87: Code=gv, Name=Gv
Language 88: Code=mi, Name=Mi
Language 89: Code=mr, Name=Mr
Language 90: Code=mn, Name=Mn
Language 91: Code=mfe, Name=Mfe
Language 92: Code=ne, Name=Ne
Language 93: Code=new, Name=New
Language 94: Code=nso, Name=Nso
Language 95: Code=no, Name=No
Language 96: Code=ny, Name=Ny
Language 97: Code=oc, Name=Oc
Language 98: Code=or, Name=Or
Language 99: Code=om, Name=Om
Language 100: Code=os, Name=Os
Language 101: Code=pam, Name=Pam
Language 102: Code=ps, Name=Ps
Language 103: Code=fa, Name=Fa
Language 104: Code=pl, Name=Pl
Language 105: Code=pt, Name=Portuguese
Language 106: Code=pt-PT, Name=Pt-PT
Language 107: Code=pa, Name=Pa
Language 108: Code=qu, Name=Qu
Language 109: Code=ro, Name=Ro
Language 110: Code=rn, Name=Rn
Language 111: Code=ru, Name=Russian
Language 112: Code=sm, Name=Sm
Language 113: Code=sg, Name=Sg
Language 114: Code=sa, Name=Sa
Language 115: Code=gd, Name=Gd
Language 116: Code=sr, Name=Sr
Language 117: Code=crs, Name=Crs
Language 118: Code=sn, Name=Sn
Language 119: Code=sd, Name=Sd
Language 120: Code=si, Name=Si
Language 121: Code=sk, Name=Sk
Language 122: Code=sl, Name=Sl
Language 123: Code=so, Name=So
Language 124: Code=st, Name=St
Language 125: Code=es, Name=Spanish
Language 126: Code=su, Name=Su
Language 127: Code=sw, Name=Sw
Language 128: Code=ss, Name=Ss
Language 129: Code=sv, Name=Sv
Language 130: Code=tg, Name=Tg
Language 131: Code=ta, Name=Ta
Language 132: Code=tt, Name=Tt
Language 133: Code=te, Name=Te
Language 134: Code=th, Name=Th
Language 135: Code=bo, Name=Bo
Language 136: Code=ti, Name=Ti
Language 137: Code=to, Name=To
Language 138: Code=ts, Name=Ts
Language 139: Code=tn, Name=Tn
Language 140: Code=tum, Name=Tum
Language 141: Code=tr, Name=Turkish
Language 142: Code=tk, Name=Tk
Language 143: Code=uk, Name=Uk
Language 144: Code=ur, Name=Ur
Language 145: Code=ug, Name=Ug
Language 146: Code=uz, Name=Uz
Language 147: Code=ve, Name=Ve
Language 148: Code=vi, Name=Vi
Language 149: Code=war, Name=War
Language 150: Code=cy, Name=Cy
Language 151: Code=fy, Name=Fy
Language 152: Code=wo, Name=Wo
Language 153: Code=xh, Name=Xh
Language 154: Code=yi, Name=Yi
Language 155: Code=yo, Name=Yo
Language 156: Code=zu, Name=Zu
Language 157: Code=9KYABy_KgEM, Name=9KYABy_KgEM
Fetching subtitle languages for URL: https://www.youtube.com/watch?v=_7JsfHTyqiw
Command executed, err: <nil>
Output length: 393
Output: [youtube] Extracting URL: https://www.youtube.com/watch?v=_7JsfHTyqiw
[youtube] _7JsfHTyqiw: Downloading webpage
[youtube] _7JsfHTyqiw: Downloading tv client config
[youtube] _7JsfHTyqiw: Downloading tv player API JSON
[youtube] _7JsfHTyqiw: Downloading ios player API JSON
[youtube] _7JsfHTyqiw: Downloading m3u8 information
_7JsfHTyqiw has no automatic captions
_7JsfHTyqiw has no subtitles

Parsed 1 subtitle languages
Language 0: Code=en, Name=English
Fetching subtitle languages for URL: https://www.youtube.com/watch?v=9KYABy_KgEM
Command executed, err: <nil>
Output length: 11593
Output (first 1000 chars): [youtube] Extracting URL: https://www.youtube.com/watch?v=9KYABy_KgEM
[youtube] 9KYABy_KgEM: Downloading webpage
[youtube] 9KYABy_KgEM: Downloading tv client config
[youtube] 9KYABy_KgEM: Downloading tv player API JSON
[youtube] 9KYABy_KgEM: Downloading ios player API JSON
[youtube] 9KYABy_KgEM: Downloading m3u8 information
[info] Available automatic captions for 9KYABy_KgEM:
Language Name                  Formats
ab       Abkhazian             vtt, srt, ttml, srv3, srv2, srv1, json3
aa       Afar                  vtt, srt, ttml, srv3, srv2, srv1, json3
af       Afrikaans             vtt, srt, ttml, srv3, srv2, srv1, json3
ak       Akan                  vtt, srt, ttml, srv3, srv2, srv1, json3
sq       Albanian              vtt, srt, ttml, srv3, srv2, srv1, json3
am       Amharic               vtt, srt, ttml, srv3, srv2, srv1, json3
ar       Arabic                vtt, srt, ttml, srv3, srv2, srv1, json3
hy       Armenian              vtt, srt, ttml, srv3, srv2, srv1, json3
as       Assam
Parsed 158 subtitle languages
Language 0: Code=ab, Name=Ab
Language 1: Code=aa, Name=Aa
Language 2: Code=af, Name=Af
Language 3: Code=ak, Name=Ak
Language 4: Code=sq, Name=Sq
Language 5: Code=am, Name=Am
Language 6: Code=ar, Name=Arabic
Language 7: Code=hy, Name=Hy
Language 8: Code=as, Name=As
Language 9: Code=ay, Name=Ay
Language 10: Code=az, Name=Az
Language 11: Code=bn, Name=Bn
Language 12: Code=ba, Name=Ba
Language 13: Code=eu, Name=Eu
Language 14: Code=be, Name=Be
Language 15: Code=bho, Name=Bho
Language 16: Code=bs, Name=Bs
Language 17: Code=br, Name=Br
Language 18: Code=bg, Name=Bg
Language 19: Code=my, Name=My
Language 20: Code=ca, Name=Ca
Language 21: Code=ceb, Name=Ceb
Language 22: Code=zh-Hans, Name=Chinese (Simplified)
Language 23: Code=zh-Hant, Name=Chinese (Traditional)
Language 24: Code=co, Name=Co
Language 25: Code=hr, Name=Hr
Language 26: Code=cs, Name=Cs
Language 27: Code=da, Name=Da
Language 28: Code=dv, Name=Dv
Language 29: Code=nl, Name=Nl
Language 30: Code=dz, Name=Dz
Language 31: Code=en, Name=English
Language 32: Code=eo, Name=Eo
Language 33: Code=et, Name=Et
Language 34: Code=ee, Name=Ee
Language 35: Code=fo, Name=Fo
Language 36: Code=fj, Name=Fj
Language 37: Code=fil, Name=Fil
Language 38: Code=fi, Name=Fi
Language 39: Code=fr, Name=French
Language 40: Code=gaa, Name=Gaa
Language 41: Code=gl, Name=Gl
Language 42: Code=lg, Name=Lg
Language 43: Code=ka, Name=Ka
Language 44: Code=de-orig, Name=De-orig
Language 45: Code=de, Name=German
Language 46: Code=el, Name=El
Language 47: Code=gn, Name=Gn
Language 48: Code=gu, Name=Gu
Language 49: Code=ht, Name=Ht
Language 50: Code=ha, Name=Ha
Language 51: Code=haw, Name=Haw
Language 52: Code=iw, Name=Iw
Language 53: Code=hi, Name=Hindi
Language 54: Code=hmn, Name=Hmn
Language 55: Code=hu, Name=Hu
Language 56: Code=is, Name=Is
Language 57: Code=ig, Name=Ig
Language 58: Code=id, Name=Id
Language 59: Code=iu, Name=Iu
Language 60: Code=ga, Name=Ga
Language 61: Code=it, Name=Italian
Language 62: Code=ja, Name=Japanese
Language 63: Code=jv, Name=Jv
Language 64: Code=kl, Name=Kl
Language 65: Code=kn, Name=Kn
Language 66: Code=kk, Name=Kk
Language 67: Code=kha, Name=Kha
Language 68: Code=km, Name=Km
Language 69: Code=rw, Name=Rw
Language 70: Code=ko, Name=Korean
Language 71: Code=kri, Name=Kri
Language 72: Code=ku, Name=Ku
Language 73: Code=ky, Name=Ky
Language 74: Code=lo, Name=Lo
Language 75: Code=la, Name=La
Language 76: Code=lv, Name=Lv
Language 77: Code=ln, Name=Ln
Language 78: Code=lt, Name=Lt
Language 79: Code=lua, Name=Lua
Language 80: Code=luo, Name=Luo
Language 81: Code=lb, Name=Lb
Language 82: Code=mk, Name=Mk
Language 83: Code=mg, Name=Mg
Language 84: Code=ms, Name=Ms
Language 85: Code=ml, Name=Ml
Language 86: Code=mt, Name=Mt
Language 87: Code=gv, Name=Gv
Language 88: Code=mi, Name=Mi
Language 89: Code=mr, Name=Mr
Language 90: Code=mn, Name=Mn
Language 91: Code=mfe, Name=Mfe
Language 92: Code=ne, Name=Ne
Language 93: Code=new, Name=New
Language 94: Code=nso, Name=Nso
Language 95: Code=no, Name=No
Language 96: Code=ny, Name=Ny
Language 97: Code=oc, Name=Oc
Language 98: Code=or, Name=Or
Language 99: Code=om, Name=Om
Language 100: Code=os, Name=Os
Language 101: Code=pam, Name=Pam
Language 102: Code=ps, Name=Ps
Language 103: Code=fa, Name=Fa
Language 104: Code=pl, Name=Pl
Language 105: Code=pt, Name=Portuguese
Language 106: Code=pt-PT, Name=Pt-PT
Language 107: Code=pa, Name=Pa
Language 108: Code=qu, Name=Qu
Language 109: Code=ro, Name=Ro
Language 110: Code=rn, Name=Rn
Language 111: Code=ru, Name=Russian
Language 112: Code=sm, Name=Sm
Language 113: Code=sg, Name=Sg
Language 114: Code=sa, Name=Sa
Language 115: Code=gd, Name=Gd
Language 116: Code=sr, Name=Sr
Language 117: Code=crs, Name=Crs
Language 118: Code=sn, Name=Sn
Language 119: Code=sd, Name=Sd
Language 120: Code=si, Name=Si
Language 121: Code=sk, Name=Sk
Language 122: Code=sl, Name=Sl
Language 123: Code=so, Name=So
Language 124: Code=st, Name=St
Language 125: Code=es, Name=Spanish
Language 126: Code=su, Name=Su
Language 127: Code=sw, Name=Sw
Language 128: Code=ss, Name=Ss
Language 129: Code=sv, Name=Sv
Language 130: Code=tg, Name=Tg
Language 131: Code=ta, Name=Ta
Language 132: Code=tt, Name=Tt
Language 133: Code=te, Name=Te
Language 134: Code=th, Name=Th
Language 135: Code=bo, Name=Bo
Language 136: Code=ti, Name=Ti
Language 137: Code=to, Name=To
Language 138: Code=ts, Name=Ts
Language 139: Code=tn, Name=Tn
Language 140: Code=tum, Name=Tum
Language 141: Code=tr, Name=Turkish
Language 142: Code=tk, Name=Tk
Language 143: Code=uk, Name=Uk
Language 144: Code=ur, Name=Ur
Language 145: Code=ug, Name=Ug
Language 146: Code=uz, Name=Uz
Language 147: Code=ve, Name=Ve
Language 148: Code=vi, Name=Vi
Language 149: Code=war, Name=War
Language 150: Code=cy, Name=Cy
Language 151: Code=fy, Name=Fy
Language 152: Code=wo, Name=Wo
Language 153: Code=xh, Name=Xh
Language 154: Code=yi, Name=Yi
Language 155: Code=yo, Name=Yo
Language 156: Code=zu, Name=Zu
Language 157: Code=9KYABy_KgEM, Name=9KYABy_KgEM
Fetching subtitle languages for URL: https://www.youtube.com/watch?v=9KYABy_KgEM
Command executed, err: <nil>
Output length: 11593
Output (first 1000 chars): [youtube] Extracting URL: https://www.youtube.com/watch?v=9KYABy_KgEM
[youtube] 9KYABy_KgEM: Downloading webpage
[youtube] 9KYABy_KgEM: Downloading tv client config
[youtube] 9KYABy_KgEM: Downloading tv player API JSON
[youtube] 9KYABy_KgEM: Downloading ios player API JSON
[youtube] 9KYABy_KgEM: Downloading m3u8 information
[info] Available automatic captions for 9KYABy_KgEM:
Language Name                  Formats
ab       Abkhazian             vtt, srt, ttml, srv3, srv2, srv1, json3
aa       Afar                  vtt, srt, ttml, srv3, srv2, srv1, json3
af       Afrikaans             vtt, srt, ttml, srv3, srv2, srv1, json3
ak       Akan                  vtt, srt, ttml, srv3, srv2, srv1, json3
sq       Albanian              vtt, srt, ttml, srv3, srv2, srv1, json3
am       Amharic               vtt, srt, ttml, srv3, srv2, srv1, json3
ar       Arabic                vtt, srt, ttml, srv3, srv2, srv1, json3
hy       Armenian              vtt, srt, ttml, srv3, srv2, srv1, json3
as       Assam
Parsed 158 subtitle languages
Language 0: Code=ab, Name=Ab
Language 1: Code=aa, Name=Aa
Language 2: Code=af, Name=Af
Language 3: Code=ak, Name=Ak
Language 4: Code=sq, Name=Sq
Language 5: Code=am, Name=Am
Language 6: Code=ar, Name=Arabic
Language 7: Code=hy, Name=Hy
Language 8: Code=as, Name=As
Language 9: Code=ay, Name=Ay
Language 10: Code=az, Name=Az
Language 11: Code=bn, Name=Bn
Language 12: Code=ba, Name=Ba
Language 13: Code=eu, Name=Eu
Language 14: Code=be, Name=Be
Language 15: Code=bho, Name=Bho
Language 16: Code=bs, Name=Bs
Language 17: Code=br, Name=Br
Language 18: Code=bg, Name=Bg
Language 19: Code=my, Name=My
Language 20: Code=ca, Name=Ca
Language 21: Code=ceb, Name=Ceb
Language 22: Code=zh-Hans, Name=Chinese (Simplified)
Language 23: Code=zh-Hant, Name=Chinese (Traditional)
Language 24: Code=co, Name=Co
Language 25: Code=hr, Name=Hr
Language 26: Code=cs, Name=Cs
Language 27: Code=da, Name=Da
Language 28: Code=dv, Name=Dv
Language 29: Code=nl, Name=Nl
Language 30: Code=dz, Name=Dz
Language 31: Code=en, Name=English
Language 32: Code=eo, Name=Eo
Language 33: Code=et, Name=Et
Language 34: Code=ee, Name=Ee
Language 35: Code=fo, Name=Fo
Language 36: Code=fj, Name=Fj
Language 37: Code=fil, Name=Fil
Language 38: Code=fi, Name=Fi
Language 39: Code=fr, Name=French
Language 40: Code=gaa, Name=Gaa
Language 41: Code=gl, Name=Gl
Language 42: Code=lg, Name=Lg
Language 43: Code=ka, Name=Ka
Language 44: Code=de-orig, Name=De-orig
Language 45: Code=de, Name=German
Language 46: Code=el, Name=El
Language 47: Code=gn, Name=Gn
Language 48: Code=gu, Name=Gu
Language 49: Code=ht, Name=Ht
Language 50: Code=ha, Name=Ha
Language 51: Code=haw, Name=Haw
Language 52: Code=iw, Name=Iw
Language 53: Code=hi, Name=Hindi
Language 54: Code=hmn, Name=Hmn
Language 55: Code=hu, Name=Hu
Language 56: Code=is, Name=Is
Language 57: Code=ig, Name=Ig
Language 58: Code=id, Name=Id
Language 59: Code=iu, Name=Iu
Language 60: Code=ga, Name=Ga
Language 61: Code=it, Name=Italian
Language 62: Code=ja, Name=Japanese
Language 63: Code=jv, Name=Jv
Language 64: Code=kl, Name=Kl
Language 65: Code=kn, Name=Kn
Language 66: Code=kk, Name=Kk
Language 67: Code=kha, Name=Kha
Language 68: Code=km, Name=Km
Language 69: Code=rw, Name=Rw
Language 70: Code=ko, Name=Korean
Language 71: Code=kri, Name=Kri
Language 72: Code=ku, Name=Ku
Language 73: Code=ky, Name=Ky
Language 74: Code=lo, Name=Lo
Language 75: Code=la, Name=La
Language 76: Code=lv, Name=Lv
Language 77: Code=ln, Name=Ln
Language 78: Code=lt, Name=Lt
Language 79: Code=lua, Name=Lua
Language 80: Code=luo, Name=Luo
Language 81: Code=lb, Name=Lb
Language 82: Code=mk, Name=Mk
Language 83: Code=mg, Name=Mg
Language 84: Code=ms, Name=Ms
Language 85: Code=ml, Name=Ml
Language 86: Code=mt, Name=Mt
Language 87: Code=gv, Name=Gv
Language 88: Code=mi, Name=Mi
Language 89: Code=mr, Name=Mr
Language 90: Code=mn, Name=Mn
Language 91: Code=mfe, Name=Mfe
Language 92: Code=ne, Name=Ne
Language 93: Code=new, Name=New
Language 94: Code=nso, Name=Nso
Language 95: Code=no, Name=No
Language 96: Code=ny, Name=Ny
Language 97: Code=oc, Name=Oc
Language 98: Code=or, Name=Or
Language 99: Code=om, Name=Om
Language 100: Code=os, Name=Os
Language 101: Code=pam, Name=Pam
Language 102: Code=ps, Name=Ps
Language 103: Code=fa, Name=Fa
Language 104: Code=pl, Name=Pl
Language 105: Code=pt, Name=Portuguese
Language 106: Code=pt-PT, Name=Pt-PT
Language 107: Code=pa, Name=Pa
Language 108: Code=qu, Name=Qu
Language 109: Code=ro, Name=Ro
Language 110: Code=rn, Name=Rn
Language 111: Code=ru, Name=Russian
Language 112: Code=sm, Name=Sm
Language 113: Code=sg, Name=Sg
Language 114: Code=sa, Name=Sa
Language 115: Code=gd, Name=Gd
Language 116: Code=sr, Name=Sr
Language 117: Code=crs, Name=Crs
Language 118: Code=sn, Name=Sn
Language 119: Code=sd, Name=Sd
Language 120: Code=si, Name=Si
Language 121: Code=sk, Name=Sk
Language 122: Code=sl, Name=Sl
Language 123: Code=so, Name=So
Language 124: Code=st, Name=St
Language 125: Code=es, Name=Spanish
Language 126: Code=su, Name=Su
Language 127: Code=sw, Name=Sw
Language 128: Code=ss, Name=Ss
Language 129: Code=sv, Name=Sv
Language 130: Code=tg, Name=Tg
Language 131: Code=ta, Name=Ta
Language 132: Code=tt, Name=Tt
Language 133: Code=te, Name=Te
Language 134: Code=th, Name=Th
Language 135: Code=bo, Name=Bo
Language 136: Code=ti, Name=Ti
Language 137: Code=to, Name=To
Language 138: Code=ts, Name=Ts
Language 139: Code=tn, Name=Tn
Language 140: Code=tum, Name=Tum
Language 141: Code=tr, Name=Turkish
Language 142: Code=tk, Name=Tk
Language 143: Code=uk, Name=Uk
Language 144: Code=ur, Name=Ur
Language 145: Code=ug, Name=Ug
Language 146: Code=uz, Name=Uz
Language 147: Code=ve, Name=Ve
Language 148: Code=vi, Name=Vi
Language 149: Code=war, Name=War
Language 150: Code=cy, Name=Cy
Language 151: Code=fy, Name=Fy
Language 152: Code=wo, Name=Wo
Language 153: Code=xh, Name=Xh
Language 154: Code=yi, Name=Yi
Language 155: Code=yo, Name=Yo
Language 156: Code=zu, Name=Zu
Language 157: Code=9KYABy_KgEM, Name=9KYABy_KgEM
DownloadAudioView called, IsUrlWritten: false
AudioFormatSel is nil
DownloadAudioView called, IsUrlWritten: false
AudioFormatSel is nil
DownloadAudioView called, IsUrlWritten: false
AudioFormatSel is nil
DownloadAudioView called, IsUrlWritten: false
AudioFormatSel is nil
DownloadAudioView called, IsUrlWritten: false
AudioFormatSel is nil
Calling fetchAudioFormats with URL: https://www.youtube.com/watch?v=Vspc3ViP2G4
DownloadAudioView called, IsUrlWritten: true
AudioFormatSel is nil
DownloadAudioView called, IsUrlWritten: true
AudioFormatSel is nil
DownloadAudioView called, IsUrlWritten: true
AudioFormatSel is nil
DownloadAudioView called, IsUrlWritten: true
AudioFormatSel is nil
DownloadAudioView called, IsUrlWritten: true
AudioFormatSel is nil
DownloadAudioView called, IsUrlWritten: true
AudioFormatSel is nil
DownloadAudioView called, IsUrlWritten: true
AudioFormatSel is nil
DownloadAudioView called, IsUrlWritten: true
AudioFormatSel is nil
DownloadAudioView called, IsUrlWritten: true
AudioFormatSel is nil
DownloadAudioView called, IsUrlWritten: true
AudioFormatSel is nil
DownloadAudioView called, IsUrlWritten: true
AudioFormatSel is nil
DownloadAudioView called, IsUrlWritten: true
AudioFormatSel is nil
DownloadAudioView called, IsUrlWritten: true
AudioFormatSel is nil
DownloadAudioView called, IsUrlWritten: true
AudioFormatSel is nil
DownloadAudioView called, IsUrlWritten: true
AudioFormatSel is nil
DownloadAudioView called, IsUrlWritten: true
AudioFormatSel is nil
DownloadAudioView called, IsUrlWritten: true
AudioFormatSel is nil
DownloadAudioView called, IsUrlWritten: true
AudioFormatSel is nil
DownloadAudioView called, IsUrlWritten: true
AudioFormatSel is nil
DownloadAudioView called, IsUrlWritten: true
AudioFormatSel is nil
DownloadAudioView called, IsUrlWritten: true
AudioFormatSel is nil
DownloadAudioView called, IsUrlWritten: true
AudioFormatSel is nil
DownloadAudioView called, IsUrlWritten: true
AudioFormatSel is nil
DownloadAudioView called, IsUrlWritten: true
AudioFormatSel is nil
DownloadAudioView called, IsUrlWritten: true
AudioFormatSel is nil
Fetching formats for URL: https://www.youtube.com/watch?v=Vspc3ViP2G4
Command executed, err: <nil>
Output length: 6534
Output (first 1000 chars): [youtube] Extracting URL: https://www.youtube.com/watch?v=Vspc3ViP2G4
[youtube] Vspc3ViP2G4: Downloading webpage
[youtube] Vspc3ViP2G4: Downloading tv client config
[youtube] Vspc3ViP2G4: Downloading tv player API JSON
[youtube] Vspc3ViP2G4: Downloading ios player API JSON
[youtube] Vspc3ViP2G4: Downloading m3u8 information
[info] Available formats for Vspc3ViP2G4:
ID      EXT   RESOLUTION FPS CH |   FILESIZE   TBR PROTO | VCODEC          VBR ACODEC      ABR ASR MORE INFO
-------------------------------------------------------------------------------------------------------------------------------
sb3     mhtml 48x27        0    |                  mhtml | images                                  storyboard
sb2     mhtml 80x45        0    |                  mhtml | images                                  storyboard
sb1     mhtml 160x90       0    |                  mhtml | images                                  storyboard
sb0     mhtml 320x180      0    |                  mhtml | images
Parsed 6 formats
Format 0: ID=249, Quality=48 kbps
Format 1: ID=250, Quality=48 kbps
Format 2: ID=251, Quality=48 kbps
Format 3: ID=140, Quality=44 kbps
Format 4: ID=233, Quality=Low quality
Format 5: ID=234, Quality=High quality
Received AudioFormatMsg, Error: , Formats count: 6
DownloadAudioView called, IsUrlWritten: true
AudioFormatSel: Formats=6, Choice=0, Selected=false, Downloading=false, Done=false, Error=false
Handling audio format selection, IsUrlWritten: true, AudioFormatSel != nil: true
AudioFormatSel: Formats=6, Choice=0, Selected=false
DownloadAudioView called, IsUrlWritten: true
AudioFormatSel: Formats=6, Choice=0, Selected=false, Downloading=false, Done=false, Error=false
DownloadAudioView called, IsUrlWritten: false
AudioFormatSel is nil
DownloadAudioView called, IsUrlWritten: false
AudioFormatSel is nil
DownloadAudioView called, IsUrlWritten: false
AudioFormatSel is nil
DownloadAudioView called, IsUrlWritten: false
AudioFormatSel is nil
DownloadAudioView called, IsUrlWritten: false
AudioFormatSel is nil
Calling fetchAudioFormats with URL: https://www.youtube.com/watch?v=Vspc3ViP2G4
DownloadAudioView called, IsUrlWritten: true
AudioFormatSel is nil
DownloadAudioView called, IsUrlWritten: true
AudioFormatSel is nil
DownloadAudioView called, IsUrlWritten: true
AudioFormatSel is nil
DownloadAudioView called, IsUrlWritten: true
AudioFormatSel is nil
DownloadAudioView called, IsUrlWritten: true
AudioFormatSel is nil
DownloadAudioView called, IsUrlWritten: true
AudioFormatSel is nil
DownloadAudioView called, IsUrlWritten: true
AudioFormatSel is nil
DownloadAudioView called, IsUrlWritten: true
AudioFormatSel is nil
DownloadAudioView called, IsUrlWritten: true
AudioFormatSel is nil
DownloadAudioView called, IsUrlWritten: true
AudioFormatSel is nil
DownloadAudioView called, IsUrlWritten: true
AudioFormatSel is nil
DownloadAudioView called, IsUrlWritten: true
AudioFormatSel is nil
DownloadAudioView called, IsUrlWritten: true
AudioFormatSel is nil
DownloadAudioView called, IsUrlWritten: true
AudioFormatSel is nil
Fetching formats for URL: https://www.youtube.com/watch?v=Vspc3ViP2G4
Command executed, err: <nil>
Output length: 2813
Output (first 1000 chars): [youtube] Extracting URL: https://www.youtube.com/watch?v=Vspc3ViP2G4
[youtube] Vspc3ViP2G4: Downloading webpage
[youtube] Vspc3ViP2G4: Downloading tv client config
[youtube] Vspc3ViP2G4: Downloading tv player API JSON
[youtube] Vspc3ViP2G4: Downloading ios player API JSON
[youtube] Vspc3ViP2G4: Downloading m3u8 information
[info] Available formats for Vspc3ViP2G4:
ID  EXT   RESOLUTION FPS CH |   FILESIZE   TBR PROTO | VCODEC          VBR ACODEC     ASR MORE INFO
----------------------------------------------------------------------------------------------------------------------
sb3 mhtml 48x27        0    |                  mhtml | images                             storyboard
sb2 mhtml 80x45        0    |                  mhtml | images                             storyboard
sb1 mhtml 160x90       0    |                  mhtml | images                             storyboard
sb0 mhtml 320x180      0    |                  mhtml | images                             storyboard
233 mp4  
Parsed 2 formats
Format 0: ID=233, Quality=Low quality
Format 1: ID=234, Quality=High quality
Received AudioFormatMsg, Error: , Formats count: 2
DownloadAudioView called, IsUrlWritten: true
AudioFormatSel: Formats=2, Choice=0, Selected=false, Downloading=false, Done=false, Error=false
Handling audio format selection, IsUrlWritten: true, AudioFormatSel != nil: true
AudioFormatSel: Formats=2, Choice=0, Selected=false
DownloadAudioView called, IsUrlWritten: true
AudioFormatSel: Formats=2, Choice=0, Selected=false, Downloading=false, Done=false, Error=false
Handling audio format selection, IsUrlWritten: true, AudioFormatSel != nil: true
AudioFormatSel: Formats=2, Choice=0, Selected=false
DownloadAudioView called, IsUrlWritten: true
AudioFormatSel: Formats=2, Choice=1, Selected=false, Downloading=false, Done=false, Error=false
Handling audio format selection, IsUrlWritten: true, AudioFormatSel != nil: true
AudioFormatSel: Formats=2, Choice=1, Selected=false
DownloadAudioView called, IsUrlWritten: true
AudioFormatSel: Formats=2, Choice=0, Selected=false, Downloading=false, Done=false, Error=false
Handling audio format selection, IsUrlWritten: true, AudioFormatSel != nil: true
AudioFormatSel: Formats=2, Choice=0, Selected=false
DownloadAudioView called, IsUrlWritten: true
AudioFormatSel: Formats=2, Choice=0, Selected=true, Downloading=true, Done=false, Error=false
Handling audio format selection, IsUrlWritten: true, AudioFormatSel != nil: true
AudioFormatSel: Formats=2, Choice=0, Selected=true
DownloadAudioView called, IsUrlWritten: true
AudioFormatSel: Formats=2, Choice=0, Selected=true, Downloading=false, Done=false, Error=true
Fetching video formats for URL: https://www.youtube.com/watch?v=Vspc3ViP2G4
Command executed, err: <nil>
Output length: 6534
Output (first 1000 chars): [youtube] Extracting URL: https://www.youtube.com/watch?v=Vspc3ViP2G4
[youtube] Vspc3ViP2G4: Downloading webpage
[youtube] Vspc3ViP2G4: Downloading tv client config
[youtube] Vspc3ViP2G4: Downloading tv player API JSON
[youtube] Vspc3ViP2G4: Downloading ios player API JSON
[youtube] Vspc3ViP2G4: Downloading m3u8 information
[info] Available formats for Vspc3ViP2G4:
ID      EXT   RESOLUTION FPS CH |   FILESIZE   TBR PROTO | VCODEC          VBR ACODEC      ABR ASR MORE INFO
-------------------------------------------------------------------------------------------------------------------------------
sb3     mhtml 48x27        0    |                  mhtml | images                                  storyboard
sb2     mhtml 80x45        0    |                  mhtml | images                                  storyboard
sb1     mhtml 160x90       0    |                  mhtml | images                                  storyboard
sb0     mhtml 320x180      0    |                  mhtml | images
Parsed 43 video formats
Video Format 0: ID=ID, Quality=Unknown resolution
Video Format 1: ID=sb3, Quality=48x27
Video Format 2: ID=sb2, Quality=80x45
Video Format 3: ID=sb1, Quality=160x90
Video Format 4: ID=sb0, Quality=320x180
Video Format 5: ID=602, Quality=256x144
Video Format 6: ID=269, Quality=256x144
Video Format 7: ID=160, Quality=256x144
Video Format 8: ID=603, Quality=256x144
Video Format 9: ID=278, Quality=256x144
Video Format 10: ID=394, Quality=256x144
Video Format 11: ID=229, Quality=426x240
Video Format 12: ID=133, Quality=426x240
Video Format 13: ID=604, Quality=426x240
Video Format 14: ID=242, Quality=426x240
Video Format 15: ID=395, Quality=426x240
Video Format 16: ID=230, Quality=640x360
Video Format 17: ID=134, Quality=360p
Video Format 18: ID=18, Quality=360p
Video Format 19: ID=605, Quality=640x360
Video Format 20: ID=243, Quality=360p
Video Format 21: ID=396, Quality=360p
Video Format 22: ID=231, Quality=854x480
Video Format 23: ID=135, Quality=480p
Video Format 24: ID=606, Quality=854x480
Video Format 25: ID=244, Quality=480p
Video Format 26: ID=397, Quality=480p
Video Format 27: ID=232, Quality=1280x720
Video Format 28: ID=136, Quality=720p HD
Video Format 29: ID=609, Quality=1280x720
Video Format 30: ID=247, Quality=720p HD
Video Format 31: ID=398, Quality=720p HD
Video Format 32: ID=270, Quality=1920x1080
Video Format 33: ID=137, Quality=1080p Full HD
Video Format 34: ID=614, Quality=1920x1080
Video Format 35: ID=248, Quality=1080p Full HD
Video Format 36: ID=399, Quality=1080p Full HD
Video Format 37: ID=620, Quality=2560x1440
Video Format 38: ID=271, Quality=1440p Quad HD
Video Format 39: ID=400, Quality=1440p Quad HD
Video Format 40: ID=625, Quality=3840x2160
Video Format 41: ID=313, Quality=2160p 4K
Video Format 42: ID=401, Quality=2160p 4K
